03.23.2014 2:32am  ::1  sitelogo.png
03.23.2014 2:38am  ::1  31.png
03.23.2014 2:58am  ::1  31.png
03.23.2014 3:34am  ::1  test.txt
03.23.2014 4:00am  ::1  sitelogo.png
03.23.2014 4:20am  ::1  31.png
03.23.2014 4:20am  ::1  31.png
03.24.2014 2:44am  ::1  31.png
03.24.2014 2:44am  ::1  31.png
04.06.2014 4:36pm  ::1  test.txt
04.06.2014 4:36pm  ::1  test.txt
04.06.2014 4:37pm  ::1  sitelogo.png
04.06.2014 4:37pm  ::1  sitelogo.png
04.06.2014 4:38pm  ::1  08 artpop.mp3
04.06.2014 4:38pm  ::1  08 artpop.mp3
04.24.2014 8:48am  ::1  21.png
04.24.2014 8:49am  ::1  21.png
04.24.2014 8:50am  ::1  21.png
04.24.2014 8:50am  ::1  inner_test_in_q.zip
04.24.2014 8:51am  ::1  inner_test_in_q.txt
04.24.2014 8:52am  ::1  inner_test_in_q.txt
04.24.2014 8:59am  ::1  inner_test_in_q.txt
04.24.2014 8:59am  ::1  inner_test_in_q.txt
04.24.2014 8:59am  ::1  inner_test_in_q.txt
04.24.2014 8:59am  ::1  inner_test_in_q.txt
04.24.2014 9:00am  ::1  inner_test_in_q.txt
04.24.2014 9:00am  ::1  inner_test_in_q.txt
04.24.2014 9:00am  ::1  inner_test_in_q.txt
04.24.2014 9:01am  ::1  inner_test_in_q.txt
04.24.2014 9:01am  ::1  inner_test_in_q.txt
04.24.2014 9:03am  ::1  inner_test_in_q.txt
04.24.2014 9:04am  ::1  something.txt
04.24.2014 9:04am  ::1  inner_test_in_q.txt
04.24.2014 9:04am  ::1  inner_test_in_q.txt
04.24.2014 9:05am  ::1  s.txt
04.24.2014 9:06am  ::1  some.txt
04.24.2014 9:07am  ::1  some.txt
04.24.2014 9:07am  ::1  some.png
04.24.2014 9:30am  ::1  24_in_q.png
04.24.2014 9:31am  ::1  24_in_q.PNG
04.24.2014 9:31am  ::1  MjRfaW5fcS5QTkc=
04.24.2014 9:31am  ::1  MjRfaW5fcS5QTkc=
04.24.2014 9:32am  ::1  MjRfaW5fcS5QTkc=
04.24.2014 9:40am  ::1  sexy.jpg
04.24.2014 9:41am  ::1  sexy.jpg
04.24.2014 9:42am  ::1  sexy.jpg
04.24.2014 9:42am  ::1  sexy.jpg
04.24.2014 9:44am  ::1  sexy.jpg
04.24.2014 9:45am  ::1  sexy.jpg
04.24.2014 9:46am  ::1  sexy.jpg
04.24.2014 9:46am  ::1  sexy.jpg
04.24.2014 9:47am  ::1  sexy.jpg
04.24.2014 9:49am  ::1  sexy.jpg
04.24.2014 9:49am  ::1  sexy.jpg
04.24.2014 9:50am  ::1  sexy.jpg
04.24.2014 9:51am  ::1  sexy.jpg
04.24.2014 9:52am  ::1  sexy.jpg
04.24.2014 9:54am  ::1  sexy.jpg
04.24.2014 9:54am  ::1  sexy.jpg
04.24.2014 9:54am  ::1  sexy.jpg
04.24.2014 9:55am  ::1  sexy.jpg
04.24.2014 9:55am  ::1  sexy.jpg
04.24.2014 9:55am  ::1  sexy.jpg
04.24.2014 9:55am  ::1  sexy.jpg
04.24.2014 9:55am  ::1  sexy.jpg
04.24.2014 9:55am  ::1  sexy.jpg
04.24.2014 9:55am  ::1  sexy.jpg
04.24.2014 9:55am  ::1  sexy.jpg
04.24.2014 9:55am  ::1  sexy.jpg
04.24.2014 9:55am  ::1  sexy.jpg
04.24.2014 9:57am  ::1  sexy.jpg
04.24.2014 9:58am  ::1  some_doc.txt
04.24.2014 9:59am  ::1  sexy.jpg
04.24.2014 11:04am  ::1  sexy.jpg
04.24.2014 11:05am  ::1  sexy.jpg
04.24.2014 11:07am  ::1  some_doc.txt
04.24.2014 11:10am  ::1  some_doc.txt
04.24.2014 11:11am  ::1  31_in_q.png
